<testsuites id="" name="" tests="1" failures="0" skipped="0" errors="0" time="6.0901499999999995">
<testsuite name="Capter002\Visual_Testing_Test.spec.ts" timestamp="2026-05-17T05:58:13.045Z" hostname="" tests="1" failures="0" skipped="0" time="3.368" errors="0">
<testcase name="visual_Testing" classname="Capter002\Visual_Testing_Test.spec.ts" time="3.368">
<system-out>
<![CDATA[
[[ATTACHMENT|test-results\Capter002-Visual_Testing_Test-visual-Testing\test-finished-1.png]]

[[ATTACHMENT|test-results\Capter002-Visual_Testing_Test-visual-Testing\video.webm]]
]]>
</system-out>
</testcase>
</testsuite>
</testsuites>